0 silly input []
1 silly flags { _: [ 'bootstrap' ],
1 silly flags   'reject-cycles': false,
1 silly flags   rejectCycles: false,
1 silly flags   hoist: '**',
1 silly flags   args: [] }
2 verbose rootPath /home/ryan/work/foodforarabbit/lerna-storybook-react
3 info version 2.11.0
4 silly existsSync /home/ryan/work/foodforarabbit/lerna-storybook-react/VERSION
5 error EPACKAGES Errored while collecting packages and package graph
6 error JSONError: Unexpected token } in JSON at position 238 while parsing near '...mTheme": "0.0.1",  }}' in packages/component-button/package.json
6 error     at module.exports (/home/ryan/.nvm/versions/node/v9.5.0/lib/node_modules/lerna/node_modules/parse-json/index.js:26:19)
6 error     at parse (/home/ryan/.nvm/versions/node/v9.5.0/lib/node_modules/lerna/node_modules/load-json-file/index.js:8:29)
6 error     at Function.module.exports.sync.fp [as sync] (/home/ryan/.nvm/versions/node/v9.5.0/lib/node_modules/lerna/node_modules/load-json-file/index.js:11:29)
6 error     at Function.module.exports.sync (/home/ryan/.nvm/versions/node/v9.5.0/lib/node_modules/lerna/node_modules/read-pkg/index.js:40:25)
6 error     at /home/ryan/.nvm/versions/node/v9.5.0/lib/node_modules/lerna/lib/PackageUtilities.js:138:47
6 error     at Array.forEach (<anonymous>)
6 error     at /home/ryan/.nvm/versions/node/v9.5.0/lib/node_modules/lerna/lib/PackageUtilities.js:132:86
6 error     at Array.forEach (<anonymous>)
6 error     at Function.getPackages (/home/ryan/.nvm/versions/node/v9.5.0/lib/node_modules/lerna/lib/PackageUtilities.js:131:22)
